<?xml version="1.0" encoding="UTF-8"?>
<!-- Generated by org.testng.reporters.JUnitReportReporter -->
<testsuite hostname="TarushDubale" failures="0" tests="3" name="test.TestNGClass" time="140.550" errors="0" timestamp="2024-02-28T19:10:18 IST" skipped="0">
  <testcase classname="test.TestNGClass" name="InvalidUser" time="46.175"/>
  <system-out/>
  <testcase classname="test.TestNGClass" name="InvalidPass" time="46.711"/>
  <system-out/>
  <testcase classname="test.TestNGClass" name="validTestcase" time="47.664"/>
  <system-out/>
</testsuite> <!-- test.TestNGClass -->
