<?xml version="1.0" encoding="UTF-8"?>
<!-- Generated by org.testng.reporters.JUnitReportReporter -->
<testsuite hostname="TarushDubale" failures="0" tests="2" name="test.TestNGTestAnnotations" time="0.362" errors="0" timestamp="2024-03-05T18:37:00 IST" skipped="0">
  <testcase classname="test.TestNGTestAnnotations" name="testCaseOne" time="0.281"/>
  <system-out/>
  <testcase classname="test.TestNGTestAnnotations" name="testCaseTwo" time="0.081"/>
  <system-out/>
</testsuite> <!-- test.TestNGTestAnnotations -->
