<?xml version="1.0" encoding="UTF-8"?>
<!-- Generated by org.testng.reporters.JUnitReportReporter -->
<testsuite hostname="TarushDubale" failures="0" tests="6" name="test.TestNGTestCases" time="0.017" errors="0" timestamp="2024-03-05T18:51:45 IST" skipped="3">
  <testcase classname="test.TestNGTestCases" name="testCaseThree" time="0.001"/>
  <system-out/>
  <testcase classname="test.TestNGTestCases" name="testCaseOne" time="0.016"/>
  <system-out/>
  <testcase classname="test.TestNGTestCases" name="testCaseTwo" time="0.000"/>
  <system-out/>
  <testcase classname="test.TestNGTestCases" name="testCaseFour">
    <skipped/>
  </testcase> <!-- testCaseFour -->
  <system-out/>
  <testcase classname="test.TestNGTestCases" name="testCaseSix">
    <skipped/>
  </testcase> <!-- testCaseSix -->
  <system-out/>
  <testcase classname="test.TestNGTestCases" name="testCaseFive">
    <skipped/>
  </testcase> <!-- testCaseFive -->
  <system-out/>
</testsuite> <!-- test.TestNGTestCases -->
