<?xml version="1.0" encoding="UTF-8"?>
<!-- Generated by org.testng.reporters.JUnitReportReporter -->
<testsuite hostname="TarushDubale" failures="0" tests="4" name="test.Priority" time="0.015" errors="0" timestamp="2024-03-01T19:12:11 IST" skipped="0">
  <testcase classname="test.Priority" name="testCaseFour" time="0.009"/>
  <system-out/>
  <testcase classname="test.Priority" name="testCaseThree" time="0.002"/>
  <system-out/>
  <testcase classname="test.Priority" name="testCaseTwo" time="0.002"/>
  <system-out/>
  <testcase classname="test.Priority" name="testCaseOne" time="0.002"/>
  <system-out/>
</testsuite> <!-- test.Priority -->
