<?xml version="1.0" encoding="UTF-8"?>
<!-- Generated by org.testng.reporters.JUnitReportReporter -->
<testsuite hostname="TarushDubale" failures="0" tests="2" name="test.TestNGTest" time="0.482" errors="0" timestamp="2024-03-01T19:15:47 IST" skipped="0">
  <testcase classname="test.TestNGTest" name="testCaseOne" time="0.389"/>
  <system-out/>
  <testcase classname="test.TestNGTest" name="testCaseTwo" time="0.093"/>
  <system-out/>
</testsuite> <!-- test.TestNGTest -->
