<?xml version="1.0" encoding="UTF-8"?>
<!-- Generated by org.testng.reporters.JUnitReportReporter -->
<testsuite hostname="TarushDubale" failures="0" tests="1" name="waits.ImplicitWaitInSelenium" time="32.969" errors="0" timestamp="2024-03-05T19:04:34 IST" skipped="0">
  <testcase classname="waits.ImplicitWaitInSelenium" name="testCaseOne" time="32.969"/>
  <system-out/>
</testsuite> <!-- waits.ImplicitWaitInSelenium -->
