<?xml version="1.0" encoding="UTF-8"?>
<!-- Generated by org.testng.reporters.JUnitReportReporter -->
<testsuite hostname="TarushDubale" failures="0" tests="2" name="test.TestCaseOne" time="0.014" errors="0" timestamp="2024-03-05T18:47:08 IST" skipped="0">
  <testcase classname="test.TestCaseOne" name="testCaseOne" time="0.012"/>
  <system-out/>
  <testcase classname="test.TestCaseOne" name="testCaseTwo" time="0.002"/>
  <system-out/>
</testsuite> <!-- test.TestCaseOne -->
